1724092271.585090 client started (82410): version 3.3a, socket /tmp/tmux-1000/default, protocol 8
1724092271.585156 on Linux 6.1.0-23-amd64 #1 SMP PREEMPT_DYNAMIC Debian 6.1.99-1 (2024-07-15)
1724092271.585169 using libevent 2.1.12-stable (poll); ncurses 6.3
1724092271.585207 flags are 0x10010000
1724092271.585219 socket is /tmp/tmux-1000/default
1724092271.585250 trying connect
1724092271.585387 add peer 0x55bd1caa9930: 6 ((nil))
1724092271.585860 sending message 100 to peer 0x55bd1caa9930 (4 bytes)
1724092271.585879 sending message 111 to peer 0x55bd1caa9930 (8 bytes)
1724092271.585892 sending message 101 to peer 0x55bd1caa9930 (16 bytes)
1724092271.585905 sending message 109 to peer 0x55bd1caa9930 (4 bytes)
1724092271.585917 sending message 102 to peer 0x55bd1caa9930 (11 bytes)
1724092271.585929 sending message 108 to peer 0x55bd1caa9930 (27 bytes)
1724092271.585941 sending message 112 to peer 0x55bd1caa9930 (70 bytes)
1724092271.585954 sending message 112 to peer 0x55bd1caa9930 (5 bytes)
1724092271.585966 sending message 112 to peer 0x55bd1caa9930 (5 bytes)
1724092271.585978 sending message 112 to peer 0x55bd1caa9930 (6 bytes)
1724092271.585990 sending message 112 to peer 0x55bd1caa9930 (6 bytes)
1724092271.586002 sending message 112 to peer 0x55bd1caa9930 (11 bytes)
1724092271.586014 sending message 112 to peer 0x55bd1caa9930 (10 bytes)
1724092271.586027 sending message 112 to peer 0x55bd1caa9930 (13 bytes)
1724092271.586041 sending message 112 to peer 0x55bd1caa9930 (13 bytes)
1724092271.586054 sending message 112 to peer 0x55bd1caa9930 (18 bytes)
1724092271.586068 sending message 112 to peer 0x55bd1caa9930 (11 bytes)
1724092271.586080 sending message 112 to peer 0x55bd1caa9930 (21 bytes)
1724092271.586093 sending message 112 to peer 0x55bd1caa9930 (13 bytes)
1724092271.586105 sending message 112 to peer 0x55bd1caa9930 (7 bytes)
1724092271.586118 sending message 112 to peer 0x55bd1caa9930 (13 bytes)
1724092271.586131 sending message 112 to peer 0x55bd1caa9930 (7 bytes)
1724092271.586143 sending message 112 to peer 0x55bd1caa9930 (13 bytes)
1724092271.586155 sending message 112 to peer 0x55bd1caa9930 (9 bytes)
1724092271.586167 sending message 112 to peer 0x55bd1caa9930 (21 bytes)
1724092271.586180 sending message 112 to peer 0x55bd1caa9930 (13 bytes)
1724092271.586192 sending message 112 to peer 0x55bd1caa9930 (8 bytes)
1724092271.586204 sending message 112 to peer 0x55bd1caa9930 (12 bytes)
1724092271.586216 sending message 112 to peer 0x55bd1caa9930 (13 bytes)
1724092271.586228 sending message 112 to peer 0x55bd1caa9930 (9 bytes)
1724092271.586241 sending message 112 to peer 0x55bd1caa9930 (9 bytes)
1724092271.586253 sending message 112 to peer 0x55bd1caa9930 (12 bytes)
1724092271.586265 sending message 112 to peer 0x55bd1caa9930 (8 bytes)
1724092271.586277 sending message 112 to peer 0x55bd1caa9930 (7 bytes)
1724092271.586290 sending message 112 to peer 0x55bd1caa9930 (7 bytes)
1724092271.586302 sending message 112 to peer 0x55bd1caa9930 (9 bytes)
1724092271.586314 sending message 112 to peer 0x55bd1caa9930 (13 bytes)
1724092271.586326 sending message 112 to peer 0x55bd1caa9930 (9 bytes)
1724092271.586339 sending message 112 to peer 0x55bd1caa9930 (15 bytes)
1724092271.586351 sending message 112 to peer 0x55bd1caa9930 (13 bytes)
1724092271.586363 sending message 112 to peer 0x55bd1caa9930 (12 bytes)
1724092271.586375 sending message 112 to peer 0x55bd1caa9930 (8 bytes)
1724092271.586388 sending message 112 to peer 0x55bd1caa9930 (14 bytes)
1724092271.586400 sending message 112 to peer 0x55bd1caa9930 (9 bytes)
1724092271.586412 sending message 112 to peer 0x55bd1caa9930 (10 bytes)
1724092271.586424 sending message 112 to peer 0x55bd1caa9930 (10 bytes)
1724092271.586436 sending message 112 to peer 0x55bd1caa9930 (10 bytes)
1724092271.586448 sending message 112 to peer 0x55bd1caa9930 (10 bytes)
1724092271.586461 sending message 112 to peer 0x55bd1caa9930 (11 bytes)
1724092271.586473 sending message 112 to peer 0x55bd1caa9930 (10 bytes)
1724092271.586485 sending message 112 to peer 0x55bd1caa9930 (8 bytes)
1724092271.586497 sending message 112 to peer 0x55bd1caa9930 (11 bytes)
1724092271.586529 sending message 112 to peer 0x55bd1caa9930 (11 bytes)
1724092271.586541 sending message 112 to peer 0x55bd1caa9930 (11 bytes)
1724092271.586554 sending message 112 to peer 0x55bd1caa9930 (8 bytes)
1724092271.586566 sending message 112 to peer 0x55bd1caa9930 (8 bytes)
1724092271.586579 sending message 112 to peer 0x55bd1caa9930 (8 bytes)
1724092271.586591 sending message 112 to peer 0x55bd1caa9930 (10 bytes)
1724092271.586603 sending message 112 to peer 0x55bd1caa9930 (10 bytes)
1724092271.586615 sending message 112 to peer 0x55bd1caa9930 (10 bytes)
1724092271.586627 sending message 112 to peer 0x55bd1caa9930 (10 bytes)
1724092271.586640 sending message 112 to peer 0x55bd1caa9930 (10 bytes)
1724092271.586652 sending message 112 to peer 0x55bd1caa9930 (11 bytes)
1724092271.586664 sending message 112 to peer 0x55bd1caa9930 (11 bytes)
1724092271.586676 sending message 112 to peer 0x55bd1caa9930 (10 bytes)
1724092271.586688 sending message 112 to peer 0x55bd1caa9930 (9 bytes)
1724092271.586700 sending message 112 to peer 0x55bd1caa9930 (9 bytes)
1724092271.586713 sending message 112 to peer 0x55bd1caa9930 (12 bytes)
1724092271.586725 sending message 112 to peer 0x55bd1caa9930 (9 bytes)
1724092271.586738 sending message 112 to peer 0x55bd1caa9930 (6 bytes)
1724092271.586750 sending message 112 to peer 0x55bd1caa9930 (13 bytes)
1724092271.586762 sending message 112 to peer 0x55bd1caa9930 (8 bytes)
1724092271.586774 sending message 112 to peer 0x55bd1caa9930 (15 bytes)
1724092271.586787 sending message 112 to peer 0x55bd1caa9930 (13 bytes)
1724092271.586799 sending message 112 to peer 0x55bd1caa9930 (70 bytes)
1724092271.586811 sending message 112 to peer 0x55bd1caa9930 (69 bytes)
1724092271.586823 sending message 112 to peer 0x55bd1caa9930 (10 bytes)
1724092271.586835 sending message 112 to peer 0x55bd1caa9930 (8 bytes)
1724092271.586848 sending message 112 to peer 0x55bd1caa9930 (15 bytes)
1724092271.586859 sending message 112 to peer 0x55bd1caa9930 (13 bytes)
1724092271.586872 sending message 112 to peer 0x55bd1caa9930 (10 bytes)
1724092271.586884 sending message 112 to peer 0x55bd1caa9930 (10 bytes)
1724092271.586896 sending message 112 to peer 0x55bd1caa9930 (5 bytes)
1724092271.586908 sending message 112 to peer 0x55bd1caa9930 (15 bytes)
1724092271.586922 sending message 104 to peer 0x55bd1caa9930 (0 bytes)
1724092271.586935 sending message 110 to peer 0x55bd1caa9930 (0 bytes)
1724092271.586948 sending message 107 to peer 0x55bd1caa9930 (4 bytes)
1724092271.586961 sending message 105 to peer 0x55bd1caa9930 (16 bytes)
1724092271.586973 sending message 105 to peer 0x55bd1caa9930 (144 bytes)
1724092271.586985 sending message 105 to peer 0x55bd1caa9930 (18 bytes)
1724092271.586997 sending message 105 to peer 0x55bd1caa9930 (19 bytes)
1724092271.587010 sending message 105 to peer 0x55bd1caa9930 (60 bytes)
1724092271.587022 sending message 105 to peer 0x55bd1caa9930 (20 bytes)
1724092271.587034 sending message 105 to peer 0x55bd1caa9930 (58 bytes)
1724092271.587046 sending message 105 to peer 0x55bd1caa9930 (61 bytes)
1724092271.587059 sending message 105 to peer 0x55bd1caa9930 (23 bytes)
1724092271.587071 sending message 105 to peer 0x55bd1caa9930 (26 bytes)
1724092271.587084 sending message 105 to peer 0x55bd1caa9930 (15 bytes)
1724092271.587096 sending message 105 to peer 0x55bd1caa9930 (44 bytes)
1724092271.587108 sending message 105 to peer 0x55bd1caa9930 (7 bytes)
1724092271.587120 sending message 105 to peer 0x55bd1caa9930 (36 bytes)
1724092271.587133 sending message 105 to peer 0x55bd1caa9930 (18 bytes)
1724092271.587145 sending message 105 to peer 0x55bd1caa9930 (47 bytes)
1724092271.587157 sending message 105 to peer 0x55bd1caa9930 (60 bytes)
1724092271.587169 sending message 105 to peer 0x55bd1caa9930 (22 bytes)
1724092271.587181 sending message 105 to peer 0x55bd1caa9930 (19 bytes)
1724092271.587194 sending message 105 to peer 0x55bd1caa9930 (15 bytes)
1724092271.587206 sending message 105 to peer 0x55bd1caa9930 (15 bytes)
1724092271.587218 sending message 105 to peer 0x55bd1caa9930 (31 bytes)
1724092271.587249 sending message 105 to peer 0x55bd1caa9930 (39 bytes)
1724092271.587261 sending message 105 to peer 0x55bd1caa9930 (21 bytes)
1724092271.587295 sending message 105 to peer 0x55bd1caa9930 (15 bytes)
1724092271.587310 sending message 105 to peer 0x55bd1caa9930 (21 bytes)
1724092271.587322 sending message 105 to peer 0x55bd1caa9930 (37 bytes)
1724092271.587335 sending message 105 to peer 0x55bd1caa9930 (121 bytes)
1724092271.587347 sending message 105 to peer 0x55bd1caa9930 (52 bytes)
1724092271.587360 sending message 105 to peer 0x55bd1caa9930 (17 bytes)
1724092271.587372 sending message 105 to peer 0x55bd1caa9930 (36 bytes)
1724092271.587384 sending message 105 to peer 0x55bd1caa9930 (60 bytes)
1724092271.587397 sending message 105 to peer 0x55bd1caa9930 (46 bytes)
1724092271.587409 sending message 105 to peer 0x55bd1caa9930 (18 bytes)
1724092271.587422 sending message 105 to peer 0x55bd1caa9930 (17 bytes)
1724092271.587434 sending message 105 to peer 0x55bd1caa9930 (1764 bytes)
1724092271.587449 sending message 105 to peer 0x55bd1caa9930 (21 bytes)
1724092271.587461 sending message 105 to peer 0x55bd1caa9930 (16 bytes)
1724092271.587473 sending message 105 to peer 0x55bd1caa9930 (18 bytes)
1724092271.587485 sending message 105 to peer 0x55bd1caa9930 (30 bytes)
1724092271.587498 sending message 105 to peer 0x55bd1caa9930 (52 bytes)
1724092271.587510 sending message 105 to peer 0x55bd1caa9930 (26 bytes)
1724092271.587522 sending message 105 to peer 0x55bd1caa9930 (23 bytes)
1724092271.587534 sending message 105 to peer 0x55bd1caa9930 (33 bytes)
1724092271.587546 sending message 105 to peer 0x55bd1caa9930 (21 bytes)
1724092271.587559 sending message 105 to peer 0x55bd1caa9930 (11 bytes)
1724092271.587572 sending message 105 to peer 0x55bd1caa9930 (12 bytes)
1724092271.587585 sending message 105 to peer 0x55bd1caa9930 (13 bytes)
1724092271.587599 sending message 105 to peer 0x55bd1caa9930 (14 bytes)
1724092271.587612 sending message 105 to peer 0x55bd1caa9930 (50 bytes)
1724092271.587626 sending message 105 to peer 0x55bd1caa9930 (11 bytes)
1724092271.587640 sending message 105 to peer 0x55bd1caa9930 (39 bytes)
1724092271.587653 sending message 105 to peer 0x55bd1caa9930 (8 bytes)
1724092271.587666 sending message 105 to peer 0x55bd1caa9930 (14 bytes)
1724092271.587680 sending message 105 to peer 0x55bd1caa9930 (11 bytes)
1724092271.587693 sending message 105 to peer 0x55bd1caa9930 (17 bytes)
1724092271.587707 sending message 105 to peer 0x55bd1caa9930 (52 bytes)
1724092271.587720 sending message 105 to peer 0x55bd1caa9930 (31 bytes)
1724092271.587734 sending message 105 to peer 0x55bd1caa9930 (23 bytes)
1724092271.587747 sending message 105 to peer 0x55bd1caa9930 (19 bytes)
1724092271.587761 sending message 105 to peer 0x55bd1caa9930 (336 bytes)
1724092271.587774 sending message 105 to peer 0x55bd1caa9930 (54 bytes)
1724092271.587788 sending message 105 to peer 0x55bd1caa9930 (21 bytes)
1724092271.587802 sending message 105 to peer 0x55bd1caa9930 (17 bytes)
1724092271.587815 sending message 105 to peer 0x55bd1caa9930 (52 bytes)
1724092271.587829 sending message 105 to peer 0x55bd1caa9930 (38 bytes)
1724092271.587842 sending message 105 to peer 0x55bd1caa9930 (28 bytes)
1724092271.587856 sending message 105 to peer 0x55bd1caa9930 (82 bytes)
1724092271.587868 sending message 105 to peer 0x55bd1caa9930 (18 bytes)
1724092271.587881 sending message 105 to peer 0x55bd1caa9930 (37 bytes)
1724092271.587895 sending message 105 to peer 0x55bd1caa9930 (16 bytes)
1724092271.587908 sending message 106 to peer 0x55bd1caa9930 (0 bytes)
1724092271.588027 sending message 200 to peer 0x55bd1caa9930 (4 bytes)
1724092271.588042 client loop enter
1724092271.588854 peer 0x55bd1caa9930 message 303
1724092271.588878 open write file 2 -
1724092271.588901 sending message 305 to peer 0x55bd1caa9930 (8 bytes)
1724092271.588926 write check file 2
1724092271.589179 peer 0x55bd1caa9930 message 304
1724092271.589194 write 58 to file 2
1724092271.589208 peer 0x55bd1caa9930 message 203
1724092271.589245 file 2 58 bytes left
1724092271.589283 write check file 2
1724092271.589295 client loop exit
